NAME : route.163422.tour
COMMENT : Length = 163422
COMMENT : Found by LKH [Keld Helsgaun] Fri Jun 28 21:20:02 2024
TYPE : TOUR
DIMENSION : 229
TOUR_SECTION
1
53
52
54
20
12
11
19
18
13
17
21
22
23
26
86
87
90
91
89
80
81
88
82
83
84
85
25
24
57
58
56
55
59
60
61
62
63
65
66
67
64
68
69
70
72
71
73
74
79
78
77
76
75
92
93
94
95
101
102
103
104
113
116
119
120
122
123
124
121
117
114
118
115
112
127
128
129
131
130
139
138
137
140
143
141
142
144
145
146
147
148
149
150
152
153
154
155
156
151
205
213
206
207
208
209
210
214
215
216
217
220
221
211
212
204
203
222
223
224
201
202
159
158
157
160
161
162
163
165
174
166
200
177
176
175
173
164
136
135
133
132
134
172
171
170
168
169
178
180
182
181
179
183
184
186
187
188
198
199
197
196
195
193
194
192
191
190
189
50
45
44
46
48
49
51
185
47
43
42
41
40
33
30
32
39
167
126
125
111
110
109
105
106
108
107
100
99
98
97
96
38
37
36
35
34
31
29
28
27
16
15
14
3
2
4
5
6
8
9
10
7
225
226
219
218
228
227
229
-1
EOF
